{
  "RSpec": {
    "coverage": {
      "/Users/jameswhite/Desktop/Turing/Mod3/solo_projects/lunch_and_learn/spec/facades/recipes_facade_spec.rb": {
        "lines": [
          1,
          null,
          1,
          1,
          1,
          1,
          1,
          1,
          1,
          1,
          1,
          null,
          null,
          null,
          null
        ]
      },
      "/Users/jameswhite/Desktop/Turing/Mod3/solo_projects/lunch_and_learn/spec/rails_helper.rb": {
        "lines": [
          null,
          1,
          1,
          1,
          null,
          1,
          1,
          null,
          null,
          null,
          null,
          null,
          null,
          null,
          null,
          null,
          null,
          null,
          null,
          null,
          null,
          null,
          null,
          null,
          null,
          null,
          null,
          1,
          null,
          0,
          0,
          null,
          1,
          null,
          1,
          null,
          null,
          null,
          null,
          1,
          null,
          null,
          null,
          null,
          null,
          null,
          null,
          null,
          null,
          null,
          null,
          null,
          null,
          null,
          null,
          null,
          null,
          1,
          null,
          null,
          1,
          null,
          null,
          null,
          1,
          1,
          1,
          1,
          null,
          null
        ]
      },
      "/Users/jameswhite/Desktop/Turing/Mod3/solo_projects/lunch_and_learn/config/environment.rb": {
        "lines": [
          null,
          1,
          null,
          null,
          1
        ]
      },
      "/Users/jameswhite/Desktop/Turing/Mod3/solo_projects/lunch_and_learn/config/application.rb": {
        "lines": [
          1,
          null,
          1,
          null,
          1,
          1,
          1,
          1,
          1,
          1,
          1,
          1,
          1,
          1,
          null,
          null,
          null,
          null,
          null,
          1,
          null,
          1,
          1,
          null,
          1,
          null,
          null,
          null,
          null,
          null,
          null,
          null,
          null,
          null,
          1,
          null,
          null
        ]
      },
      "/Users/jameswhite/Desktop/Turing/Mod3/solo_projects/lunch_and_learn/config/boot.rb": {
        "lines": [
          1,
          null,
          1,
          1
        ]
      },
      "/Users/jameswhite/Desktop/Turing/Mod3/solo_projects/lunch_and_learn/config/environments/test.rb": {
        "lines": [
          null,
          null,
          null,
          null,
          null,
          1,
          null,
          null,
          1,
          1,
          null,
          null,
          null,
          null,
          1,
          null,
          null,
          1,
          1,
          null,
          null,
          null,
          null,
          1,
          1,
          1,
          null,
          null,
          1,
          null,
          null,
          1,
          null,
          null,
          1,
          null,
          1,
          null,
          null,
          null,
          null,
          1,
          null,
          null,
          1,
          null,
          null,
          null,
          null
        ]
      },
      "/Users/jameswhite/Desktop/Turing/Mod3/solo_projects/lunch_and_learn/config/initializers/application_controller_renderer.rb": {
        "lines": [
          null,
          null,
          null,
          null,
          null,
          null,
          null,
          null
        ]
      },
      "/Users/jameswhite/Desktop/Turing/Mod3/solo_projects/lunch_and_learn/config/initializers/backtrace_silencers.rb": {
        "lines": [
          null,
          null,
          null,
          null,
          null,
          null,
          null
        ]
      },
      "/Users/jameswhite/Desktop/Turing/Mod3/solo_projects/lunch_and_learn/config/initializers/cors.rb": {
        "lines": [
          null,
          null,
          null,
          null,
          null,
          null,
          null,
          null,
          null,
          null,
          null,
          null,
          null,
          null,
          null,
          null
        ]
      },
      "/Users/jameswhite/Desktop/Turing/Mod3/solo_projects/lunch_and_learn/config/initializers/filter_parameter_logging.rb": {
        "lines": [
          null,
          null,
          null,
          1
        ]
      },
      "/Users/jameswhite/Desktop/Turing/Mod3/solo_projects/lunch_and_learn/config/initializers/inflections.rb": {
        "lines": [
          null,
          null,
          null,
          null,
          null,
          null,
          null,
          null,
          null,
          null,
          null,
          null,
          null,
          null,
          null,
          null
        ]
      },
      "/Users/jameswhite/Desktop/Turing/Mod3/solo_projects/lunch_and_learn/config/initializers/mime_types.rb": {
        "lines": [
          null,
          null,
          null,
          null
        ]
      },
      "/Users/jameswhite/Desktop/Turing/Mod3/solo_projects/lunch_and_learn/config/initializers/wrap_parameters.rb": {
        "lines": [
          null,
          null,
          null,
          null,
          null,
          null,
          1,
          2,
          null,
          null,
          null,
          null,
          null,
          null
        ]
      },
      "/Users/jameswhite/Desktop/Turing/Mod3/solo_projects/lunch_and_learn/config/routes.rb": {
        "lines": [
          1,
          1,
          1,
          1,
          null,
          null,
          null,
          null
        ]
      },
      "/Users/jameswhite/Desktop/Turing/Mod3/solo_projects/lunch_and_learn/app/facades/recipes_facade.rb": {
        "lines": [
          1,
          1,
          3,
          40,
          null,
          null,
          null
        ]
      },
      "/Users/jameswhite/Desktop/Turing/Mod3/solo_projects/lunch_and_learn/spec/facades/rest_countries_facade_spec.rb": {
        "lines": [
          1,
          null,
          1,
          1,
          1,
          null,
          1,
          null,
          null,
          null,
          1,
          1,
          1,
          1,
          null,
          null,
          null,
          1,
          1,
          1,
          null,
          null,
          null,
          null
        ]
      },
      "/Users/jameswhite/Desktop/Turing/Mod3/solo_projects/lunch_and_learn/app/facades/rest_countries_facade.rb": {
        "lines": [
          1,
          1,
          2,
          500,
          null,
          null,
          null,
          1,
          0,
          null,
          null,
          1,
          1,
          null,
          null,
          null
        ]
      },
      "/Users/jameswhite/Desktop/Turing/Mod3/solo_projects/lunch_and_learn/spec/poros/country_poros_spec.rb": {
        "lines": [
          1,
          null,
          1,
          1,
          1,
          null,
          1,
          null,
          null,
          1,
          null,
          1,
          1,
          null,
          null,
          null
        ]
      },
      "/Users/jameswhite/Desktop/Turing/Mod3/solo_projects/lunch_and_learn/app/poros/rest_country.rb": {
        "lines": [
          1,
          1,
          null,
          1,
          501,
          null,
          null
        ]
      },
      "/Users/jameswhite/Desktop/Turing/Mod3/solo_projects/lunch_and_learn/spec/poros/recipe_poros_spec.rb": {
        "lines": [
          1,
          null,
          1,
          1,
          1,
          null,
          1,
          null,
          null,
          null,
          null,
          null,
          1,
          1,
          null,
          1,
          1,
          1,
          1,
          null,
          null,
          null
        ]
      },
      "/Users/jameswhite/Desktop/Turing/Mod3/solo_projects/lunch_and_learn/app/poros/recipe.rb": {
        "lines": [
          1,
          1,
          null,
          null,
          null,
          null,
          null,
          1,
          41,
          41,
          41,
          41,
          null,
          null,
          null,
          null,
          null,
          null
        ]
      },
      "/Users/jameswhite/Desktop/Turing/Mod3/solo_projects/lunch_and_learn/spec/requests/get_recipes_spec.rb": {
        "lines": [
          1,
          null,
          1,
          1,
          null,
          1,
          null,
          1,
          null,
          1,
          null,
          1,
          1,
          null,
          1,
          1,
          null,
          1,
          1,
          null,
          1,
          1,
          null,
          null,
          null,
          null,
          1,
          null,
          1,
          null,
          1,
          null,
          1,
          1,
          null,
          null,
          null,
          null,
          null,
          null,
          null,
          null,
          null,
          null,
          null,
          null
        ]
      },
      "/Users/jameswhite/Desktop/Turing/Mod3/solo_projects/lunch_and_learn/spec/services/recipes_service_spec.rb": {
        "lines": [
          1,
          null,
          1,
          1,
          1,
          1,
          1,
          1,
          null,
          null,
          null,
          null,
          null,
          1,
          1,
          null,
          1,
          null,
          1,
          1,
          null,
          1,
          null,
          1,
          1,
          1,
          1,
          1,
          1,
          null,
          null,
          null
        ]
      },
      "/Users/jameswhite/Desktop/Turing/Mod3/solo_projects/lunch_and_learn/app/services/recipes_service.rb": {
        "lines": [
          1,
          1,
          4,
          4,
          null,
          null,
          1,
          5,
          5,
          5,
          null,
          null,
          null
        ]
      },
      "/Users/jameswhite/Desktop/Turing/Mod3/solo_projects/lunch_and_learn/spec/services/rest_countries_service_spec.rb": {
        "lines": [
          1,
          null,
          1,
          1,
          null,
          1,
          null,
          1,
          null,
          null,
          1,
          1,
          1,
          1,
          1,
          1,
          null,
          null,
          null,
          null,
          null,
          null
        ]
      },
      "/Users/jameswhite/Desktop/Turing/Mod3/solo_projects/lunch_and_learn/app/services/rest_countries_service.rb": {
        "lines": [
          1,
          1,
          7,
          null,
          null,
          1,
          7,
          7,
          null,
          null,
          null,
          null,
          null,
          null,
          null,
          null
        ]
      },
      "/Users/jameswhite/Desktop/Turing/Mod3/solo_projects/lunch_and_learn/app/controllers/api/v1/recipes_controller.rb": {
        "lines": [
          1,
          1,
          2,
          2,
          null,
          0,
          0,
          null,
          null,
          null
        ]
      },
      "/Users/jameswhite/Desktop/Turing/Mod3/solo_projects/lunch_and_learn/app/controllers/application_controller.rb": {
        "lines": [
          1,
          null
        ]
      },
      "/Users/jameswhite/Desktop/Turing/Mod3/solo_projects/lunch_and_learn/app/serializers/recipes_serializer.rb": {
        "lines": [
          1,
          1,
          null,
          21,
          1,
          null
        ]
      }
    },
    "timestamp": 1673846726
  }
}
